# JRE version: Java(TM) SE Runtime Environment (8.0_141-b15) (build 1.8.0_141-b15)
# Java VM: Java HotSpot(TM) 64-Bit Server VM (25.141-b15 mixed mode linux-amd64 compressed oops)
Heap:
 PSYoungGen      total 513536K, used 26393K [0x00000000d6f00000, 0x0000000100000000, 0x0000000100000000)
  eden space 457728K, 4% used [0x00000000d6f00000,0x00000000d8449b90,0x00000000f2e00000)
  from space 55808K, 8% used [0x00000000fc980000,0x00000000fcdfcad8,0x0000000100000000)
  to   space 107520K, 0% used [0x00000000f2e00000,0x00000000f2e00000,0x00000000f9700000)
 ParOldGen       total 380928K, used 257006K [0x0000000084c00000, 0x000000009c000000, 0x00000000d6f00000)
  object space 380928K, 67% used [0x0000000084c00000,0x00000000946fbb68,0x000000009c000000)
 Metaspace       used 17417K, capacity 17618K, committed 17920K, reserved 1064960K
  class space    used 2097K, capacity 2185K, committed 2304K, reserved 1048576K
GC Heap History (10 events):
Event: 56.773 GC heap before
{Heap before GC invocations=11 (full 1):
 PSYoungGen      total 520704K, used 520682K [0x00000000d6f00000, 0x0000000100000000, 0x0000000100000000)
  eden space 507904K, 100% used [0x00000000d6f00000,0x00000000f5f00000,0x00000000f5f00000)
  from space 12800K, 99% used [0x00000000f5f00000,0x00000000f6b7a818,0x00000000f6b80000)
  to   space 46080K, 0% used [0x00000000fd300000,0x00000000fd300000,0x0000000100000000)
 ParOldGen       total 164352K, used 87855K [0x0000000084c00000, 0x000000008ec80000, 0x00000000d6f00000)
  object space 164352K, 53% used [0x0000000084c00000,0x000000008a1cbee8,0x000000008ec80000)
 Metaspace       used 17417K, capacity 17618K, committed 17920K, reserved 1064960K
  class space    used 2097K, capacity 2185K, committed 2304K, reserved 1048576K
Event: 56.816 GC heap after
Heap after GC invocations=11 (full 1):
 PSYoungGen      total 607232K, used 46052K [0x00000000d6f00000, 0x0000000100000000, 0x0000000100000000)
  eden space 561152K, 0% used [0x00000000d6f00000,0x00000000d6f00000,0x00000000f9300000)
  from space 46080K, 99% used [0x00000000fd300000,0x00000000ffff9048,0x0000000100000000)
  to   space 55808K, 0% used [0x00000000f9300000,0x00000000f9300000,0x00000000fc980000)
 ParOldGen       total 164352K, used 91471K [0x0000000084c00000, 0x000000008ec80000, 0x00000000d6f00000)
  object space 164352K, 55% used [0x0000000084c00000,0x000000008a553ee8,0x000000008ec80000)
 Metaspace       used 17417K, capacity 17618K, committed 17920K, reserved 1064960K
  class space    used 2097K, capacity 2185K, committed 2304K, reserved 1048576K
}
Event: 57.038 GC heap before
{Heap before GC invocations=12 (full 1):
 PSYoungGen      total 607232K, used 607204K [0x00000000d6f00000, 0x0000000100000000, 0x0000000100000000)
  eden space 561152K, 100% used [0x00000000d6f00000,0x00000000f9300000,0x00000000f9300000)
  from space 46080K, 99% used [0x00000000fd300000,0x00000000ffff9048,0x0000000100000000)
  to   space 55808K, 0% used [0x00000000f9300000,0x00000000f9300000,0x00000000fc980000)
 ParOldGen       total 164352K, used 91471K [0x0000000084c00000, 0x000000008ec80000, 0x00000000d6f00000)
  object space 164352K, 55% used [0x0000000084c00000,0x000000008a553ee8,0x000000008ec80000)
 Metaspace       used 17417K, capacity 17618K, committed 17920K, reserved 1064960K
  class space    used 2097K, capacity 2185K, committed 2304K, reserved 1048576K
Event: 57.113 GC heap after
Heap after GC invocations=12 (full 1):
 PSYoungGen      total 616960K, used 55803K [0x00000000d6f00000, 0x0000000100000000, 0x0000000100000000)
  eden space 561152K, 0% used [0x00000000d6f00000,0x00000000d6f00000,0x00000000f9300000)
  from space 55808K, 99% used [0x00000000f9300000,0x00000000fc97ec08,0x00000000fc980000)
  to   space 55808K, 0% used [0x00000000fc980000,0x00000000fc980000,0x0000000100000000)
 ParOldGen       total 164352K, used 136035K [0x0000000084c00000, 0x000000008ec80000, 0x00000000d6f00000)
  object space 164352K, 82% used [0x0000000084c00000,0x000000008d0d8e90,0x000000008ec80000)
 Metaspace       used 17417K, capacity 17618K, committed 17920K, reserved 1064960K
  class space    used 2097K, capacity 2185K, committed 2304K, reserved 1048576K
}
Event: 57.113 GC heap before
{Heap before GC invocations=13 (full 2):
 PSYoungGen      total 616960K, used 55803K [0x00000000d6f00000, 0x0000000100000000, 0x0000000100000000)
  eden space 561152K, 0% used [0x00000000d6f00000,0x00000000d6f00000,0x00000000f9300000)
  from space 55808K, 99% used [0x00000000f9300000,0x00000000fc97ec08,0x00000000fc980000)
  to   space 55808K, 0% used [0x00000000fc980000,0x00000000fc980000,0x0000000100000000)
 ParOldGen       total 164352K, used 136035K [0x0000000084c00000, 0x000000008ec80000, 0x00000000d6f00000)
  object space 164352K, 82% used [0x0000000084c00000,0x000000008d0d8e90,0x000000008ec80000)
 Metaspace       used 17417K, capacity 17618K, committed 17920K, reserved 1064960K
  class space    used 2097K, capacity 2185K, committed 2304K, reserved 1048576K
Event: 57.626 GC heap after
Heap after GC invocations=13 (full 2):
 PSYoungGen      total 616960K, used 22495K [0x00000000d6f00000, 0x0000000100000000, 0x0000000100000000)
  eden space 561152K, 0% used [0x00000000d6f00000,0x00000000d6f00000,0x00000000f9300000)
  from space 55808K, 40% used [0x00000000f9300000,0x00000000fa8f7d48,0x00000000fc980000)
  to   space 55808K, 0% used [0x00000000fc980000,0x00000000fc980000,0x0000000100000000)
 ParOldGen       total 257024K, used 164323K [0x0000000084c00000, 0x0000000094700000, 0x00000000d6f00000)
  object space 257024K, 63% used [0x0000000084c00000,0x000000008ec78f88,0x0000000094700000)
 Metaspace       used 17417K, capacity 17618K, committed 17920K, reserved 1064960K
  class space    used 2097K, capacity 2185K, committed 2304K, reserved 1048576K
}
Event: 57.854 GC heap before
{Heap before GC invocations=14 (full 2):
 PSYoungGen      total 616960K, used 583647K [0x00000000d6f00000, 0x0000000100000000, 0x0000000100000000)
  eden space 561152K, 100% used [0x00000000d6f00000,0x00000000f9300000,0x00000000f9300000)
  from space 55808K, 40% used [0x00000000f9300000,0x00000000fa8f7d48,0x00000000fc980000)
  to   space 55808K, 0% used [0x00000000fc980000,0x00000000fc980000,0x0000000100000000)
 ParOldGen       total 257024K, used 164323K [0x0000000084c00000, 0x0000000094700000, 0x00000000d6f00000)
  object space 257024K, 63% used [0x0000000084c00000,0x000000008ec78f88,0x0000000094700000)
 Metaspace       used 17417K, capacity 17618K, committed 17920K, reserved 1064960K
  class space    used 2097K, capacity 2185K, committed 2304K, reserved 1048576K
Event: 57.976 GC heap after
Heap after GC invocations=14 (full 2):
 PSYoungGen      total 513536K, used 55800K [0x00000000d6f00000, 0x0000000100000000, 0x0000000100000000)
  eden space 457728K, 0% used [0x00000000d6f00000,0x00000000d6f00000,0x00000000f2e00000)
  from space 55808K, 99% used [0x00000000fc980000,0x00000000ffffe200,0x0000000100000000)
  to   space 107520K, 0% used [0x00000000f2e00000,0x00000000f2e00000,0x00000000f9700000)
 ParOldGen       total 257024K, used 216779K [0x0000000084c00000, 0x0000000094700000, 0x00000000d6f00000)
  object space 257024K, 84% used [0x0000000084c00000,0x0000000091fb2f88,0x0000000094700000)
 Metaspace       used 17417K, capacity 17618K, committed 17920K, reserved 1064960K
  class space    used 2097K, capacity 2185K, committed 2304K, reserved 1048576K
}
Event: 57.976 GC heap before
{Heap before GC invocations=15 (full 3):
 PSYoungGen      total 513536K, used 55800K [0x00000000d6f00000, 0x0000000100000000, 0x0000000100000000)
  eden space 457728K, 0% used [0x00000000d6f00000,0x00000000d6f00000,0x00000000f2e00000)
  from space 55808K, 99% used [0x00000000fc980000,0x00000000ffffe200,0x0000000100000000)
  to   space 107520K, 0% used [0x00000000f2e00000,0x00000000f2e00000,0x00000000f9700000)
 ParOldGen       total 257024K, used 216779K [0x0000000084c00000, 0x0000000094700000, 0x00000000d6f00000)
  object space 257024K, 84% used [0x0000000084c00000,0x0000000091fb2f88,0x0000000094700000)
 Metaspace       used 17417K, capacity 17618K, committed 17920K, reserved 1064960K
  class space    used 2097K, capacity 2185K, committed 2304K, reserved 1048576K
Event: 58.673 GC heap after
Heap after GC invocations=15 (full 3):
 PSYoungGen      total 513536K, used 4594K [0x00000000d6f00000, 0x0000000100000000, 0x0000000100000000)
  eden space 457728K, 0% used [0x00000000d6f00000,0x00000000d6f00000,0x00000000f2e00000)
  from space 55808K, 8% used [0x00000000fc980000,0x00000000fcdfcad8,0x0000000100000000)
  to   space 107520K, 0% used [0x00000000f2e00000,0x00000000f2e00000,0x00000000f9700000)
 ParOldGen       total 380928K, used 257006K [0x0000000084c00000, 0x000000009c000000, 0x00000000d6f00000)
  object space 380928K, 67% used [0x0000000084c00000,0x00000000946fbb68,0x000000009c000000)
 Metaspace       used 17417K, capacity 17618K, committed 17920K, reserved 1064960K
  class space    used 2097K, capacity 2185K, committed 2304K, reserved 1048576K
}

